#
# There is insufficient memory for the Java Runtime Environment to continue.
# Native memory allocation (mmap) failed to map 236978176 bytes for committing reserved memory.
# Possible reasons:
#   The system is out of physical RAM or swap space
#   In 32 bit mode, the process size limit was hit
# Possible solutions:
#   Reduce memory load on the system
#   Increase physical memory or swap space
#   Check if swap backing store is full
#   Use 64 bit Java on a 64 bit OS
#   Decrease Java heap size (-Xmx/-Xms)
#   Decrease number of Java threads
#   Decrease Java thread stack sizes (-Xss)
#   Set larger code cache with -XX:ReservedCodeCacheSize=
# This output file may be truncated or incomplete.
#
#  Out of Memory Error (os_linux.cpp:2673), pid=22401, tid=139784884279040
#
# JRE version: OpenJDK Runtime Environment (8.0_51-b16) (build 1.8.0_51-b16)
# Java VM: OpenJDK 64-Bit Server VM (25.51-b03 mixed mode linux-amd64 compressed oops)
# Failed to write core dump. Core dumps have been disabled. To enable core dumping, try "ulimit -c unlimited" before starting Java again
#

---------------  T H R E A D  ---------------

Current thread (0x00007f224413d000):  VMThread [stack: 0x00007f22344f5000,0x00007f22345f6000] [id=22411]

Stack: [0x00007f22344f5000,0x00007f22345f6000],  sp=0x00007f22345f44d0,  free space=1021k
Native frames: (J=compiled Java code, j=interpreted, Vv=VM code, C=native code)
V  [libjvm.so+0xa54478]
V  [libjvm.so+0x4c1acc]
V  [libjvm.so+0x8a3b50]
V  [libjvm.so+0x89e06e]
V  [libjvm.so+0x917ebb]
V  [libjvm.so+0x919203]
V  [libjvm.so+0x914b4b]
V  [libjvm.so+0x914dfc]
V  [libjvm.so+0x8c7f93]
V  [libjvm.so+0xa55f52]
V  [libjvm.so+0xa5af47]
V  [libjvm.so+0xa5878c]
V  [libjvm.so+0xa59b6f]
V  [libjvm.so+0xa5a061]
V  [libjvm.so+0x8a1062]

VM_Operation (0x00007f224cc60ef0): ParallelGCFailedAllocation, mode: safepoint, requested by thread 0x00007f2244008800


---------------  P R O C E S S  ---------------

Java Threads: ( => current thread )
  0x00007f2244187000 JavaThread "Service Thread" daemon [_thread_blocked, id=22418, stack(0x00007f2227bfc000,0x00007f2227cfd000)]
  0x00007f2244182000 JavaThread "C1 CompilerThread2" daemon [_thread_blocked, id=22417, stack(0x00007f2227cfd000,0x00007f2227dfe000)]
  0x00007f2244180000 JavaThread "C2 CompilerThread1" daemon [_thread_in_native, id=22416, stack(0x00007f2227dfe000,0x00007f2227eff000)]
  0x00007f224417d000 JavaThread "C2 CompilerThread0" daemon [_thread_in_native, id=22415, stack(0x00007f2227eff000,0x00007f2228000000)]
  0x00007f224417c000 JavaThread "Signal Dispatcher" daemon [_thread_blocked, id=22414, stack(0x00007f2234064000,0x00007f2234165000)]
  0x00007f2244144000 JavaThread "Finalizer" daemon [_thread_blocked, id=22413, stack(0x00007f22342f3000,0x00007f22343f4000)]
  0x00007f2244142000 JavaThread "Reference Handler" daemon [_thread_blocked, id=22412, stack(0x00007f22343f4000,0x00007f22344f5000)]
  0x00007f2244008800 JavaThread "main" [_thread_blocked, id=22402, stack(0x00007f224cb63000,0x00007f224cc64000)]

Other Threads:
=>0x00007f224413d000 VMThread [stack: 0x00007f22344f5000,0x00007f22345f6000] [id=22411]
  0x00007f2244189800 WatcherThread [stack: 0x00007f2227afb000,0x00007f2227bfc000] [id=22419]

VM state:at safepoint (normal execution)

VM Mutex/Monitor currently owned by a thread:  ([mutex/lock_event])
[0x00007f2244006200] Threads_lock - owner thread: 0x00007f224413d000
[0x00007f2244006700] Heap_lock - owner thread: 0x00007f2244008800

Heap:
 PSYoungGen      total 274432K, used 36844K [0x00000000d5580000, 0x00000000e9880000, 0x0000000100000000)
  eden space 236032K, 0% used [0x00000000d5580000,0x00000000d5580000,0x00000000e3c00000)
  from space 38400K, 95% used [0x00000000e3c00000,0x00000000e5ffb200,0x00000000e6180000)
  to   space 20480K, 0% used [0x00000000e6180000,0x00000000e6180000,0x00000000e7580000)
 ParOldGen       total 84992K, used 59871K [0x0000000080000000, 0x0000000085300000, 0x00000000d5580000)
  object space 84992K, 70% used [0x0000000080000000,0x0000000083a77dc8,0x0000000085300000)
 Metaspace       used 51905K, capacity 52204K, committed 52480K, reserved 1091584K
  class space    used 9978K, capacity 10114K, committed 10240K, reserved 1048576K

Card table byte_map: [0x00007f2249a4b000,0x00007f2249e4c000] byte_map_base: 0x00007f224964b000

Marking Bits: (ParMarkBitMap*) 0x00007f224be841a0
 Begin Bits: [0x00007f222c000000, 0x00007f222e000000)
 End Bits:   [0x00007f222e000000, 0x00007f2230000000)

Polling page: 0x00007f224cca6000

CodeCache: size=245760Kb used=18506Kb max_used=18784Kb free=227254Kb
 bounds [0x00007f2235000000, 0x00007f2236280000, 0x00007f2244000000]
 total_blobs=6759 nmethods=6311 adapters=359
 compilation: enabled

Compilation events (10 events):
Event: 11.090 Thread 0x00007f2244182000 7651       3       scala.collection.immutable.Map$Map3::get (249 bytes)
Event: 11.092 Thread 0x00007f2244182000 nmethod 7651 0x00007f2235f89ad0 code [0x00007f2235f89de0, 0x00007f2235f8b888]
Event: 11.092 Thread 0x00007f2244182000 7639       3       java.util.concurrent.locks.AbstractQueuedSynchronizer$Node::<init> (15 bytes)
Event: 11.093 Thread 0x00007f2244182000 nmethod 7639 0x00007f2235ece890 code [0x00007f2235ecea00, 0x00007f2235ecebf0]
Event: 11.093 Thread 0x00007f2244182000 7652       3       scala.collection.AbstractMap::values (5 bytes)
Event: 11.094 Thread 0x00007f2244182000 nmethod 7652 0x00007f2235ecde90 code [0x00007f2235ece040, 0x00007f2235ece558]
Event: 11.094 Thread 0x00007f2244182000 7653       3       scala.collection.MapLike$class::values (9 bytes)
Event: 11.094 Thread 0x00007f2244182000 nmethod 7653 0x00007f2235ecd5d0 code [0x00007f2235ecd780, 0x00007f2235ecdc18]
Event: 11.095 Thread 0x00007f2244182000 7654       3       scala.collection.immutable.MapLike$ImmutableDefaultKeySet::companion (5 bytes)
Event: 11.095 Thread 0x00007f2244182000 nmethod 7654 0x00007f2235ecd210 code [0x00007f2235ecd380, 0x00007f2235ecd530]

GC Heap History (10 events):
Event: 1.635 GC heap after
Heap after GC invocations=2 (full 0):
 PSYoungGen      total 68608K, used 5103K [0x00000000d5580000, 0x00000000d9d80000, 0x0000000100000000)
  eden space 63488K, 0% used [0x00000000d5580000,0x00000000d5580000,0x00000000d9380000)
  from space 5120K, 99% used [0x00000000d9880000,0x00000000d9d7bf10,0x00000000d9d80000)
  to   space 5120K, 0% used [0x00000000d9380000,0x00000000d9380000,0x00000000d9880000)
 ParOldGen       total 84992K, used 3202K [0x0000000080000000, 0x0000000085300000, 0x00000000d5580000)
  object space 84992K, 3% used [0x0000000080000000,0x0000000080320800,0x0000000085300000)
 Metaspace       used 15976K, capacity 16254K, committed 16384K, reserved 1062912K
  class space    used 2676K, capacity 2754K, committed 2816K, reserved 1048576K
}
Event: 3.665 GC heap before
{Heap before GC invocations=3 (full 0):
 PSYoungGen      total 68608K, used 68591K [0x00000000d5580000, 0x00000000d9d80000, 0x0000000100000000)
  eden space 63488K, 100% used [0x00000000d5580000,0x00000000d9380000,0x00000000d9380000)
  from space 5120K, 99% used [0x00000000d9880000,0x00000000d9d7bf10,0x00000000d9d80000)
  to   space 5120K, 0% used [0x00000000d9380000,0x00000000d9380000,0x00000000d9880000)
 ParOldGen       total 84992K, used 3202K [0x0000000080000000, 0x0000000085300000, 0x00000000d5580000)
  object space 84992K, 3% used [0x0000000080000000,0x0000000080320800,0x0000000085300000)
 Metaspace       used 28613K, capacity 28842K, committed 28928K, reserved 1073152K
  class space    used 4766K, capacity 4836K, committed 4864K, reserved 1048576K
Event: 3.687 GC heap after
Heap after GC invocations=3 (full 0):
 PSYoungGen      total 68608K, used 5111K [0x00000000d5580000, 0x00000000ddb80000, 0x0000000100000000)
  eden space 63488K, 0% used [0x00000000d5580000,0x00000000d5580000,0x00000000d9380000)
  from space 5120K, 99% used [0x00000000d9380000,0x00000000d987dc18,0x00000000d9880000)
  to   space 5120K, 0% used [0x00000000dd680000,0x00000000dd680000,0x00000000ddb80000)
 ParOldGen       total 84992K, used 13566K [0x0000000080000000, 0x0000000085300000, 0x00000000d5580000)
  object space 84992K, 15% used [0x0000000080000000,0x0000000080d3f9c0,0x0000000085300000)
 Metaspace       used 28613K, capacity 28842K, committed 28928K, reserved 1073152K
  class space    used 4766K, capacity 4836K, committed 4864K, reserved 1048576K
}
Event: 4.967 GC heap before
{Heap before GC invocations=4 (full 0):
 PSYoungGen      total 68608K, used 68599K [0x00000000d5580000, 0x00000000ddb80000, 0x0000000100000000)
  eden space 63488K, 100% used [0x00000000d5580000,0x00000000d9380000,0x00000000d9380000)
  from space 5120K, 99% used [0x00000000d9380000,0x00000000d987dc18,0x00000000d9880000)
  to   space 5120K, 0% used [0x00000000dd680000,0x00000000dd680000,0x00000000ddb80000)
 ParOldGen       total 84992K, used 13566K [0x0000000080000000, 0x0000000085300000, 0x00000000d5580000)
  object space 84992K, 15% used [0x0000000080000000,0x0000000080d3f9c0,0x0000000085300000)
 Metaspace       used 35593K, capacity 35824K, committed 35968K, reserved 1079296K
  class space    used 6440K, capacity 6502K, committed 6528K, reserved 1048576K
Event: 4.995 GC heap after
Heap after GC invocations=4 (full 0):
 PSYoungGen      total 132096K, used 5101K [0x00000000d5580000, 0x00000000ddb80000, 0x0000000100000000)
  eden space 126976K, 0% used [0x00000000d5580000,0x00000000d5580000,0x00000000dd180000)
  from space 5120K, 99% used [0x00000000dd680000,0x00000000ddb7b4c8,0x00000000ddb80000)
  to   space 5120K, 0% used [0x00000000dd180000,0x00000000dd180000,0x00000000dd680000)
 ParOldGen       total 84992K, used 21164K [0x0000000080000000, 0x0000000085300000, 0x00000000d5580000)
  object space 84992K, 24% used [0x0000000080000000,0x00000000814ab0d0,0x0000000085300000)
 Metaspace       used 35593K, capacity 35824K, committed 35968K, reserved 1079296K
  class space    used 6440K, capacity 6502K, committed 6528K, reserved 1048576K
}
Event: 6.670 GC heap before
{Heap before GC invocations=5 (full 0):
 PSYoungGen      total 132096K, used 132077K [0x00000000d5580000, 0x00000000ddb80000, 0x0000000100000000)
  eden space 126976K, 100% used [0x00000000d5580000,0x00000000dd180000,0x00000000dd180000)
  from space 5120K, 99% used [0x00000000dd680000,0x00000000ddb7b4c8,0x00000000ddb80000)
  to   space 5120K, 0% used [0x00000000dd180000,0x00000000dd180000,0x00000000dd680000)
 ParOldGen       total 84992K, used 21164K [0x0000000080000000, 0x0000000085300000, 0x00000000d5580000)
  object space 84992K, 24% used [0x0000000080000000,0x00000000814ab0d0,0x0000000085300000)
 Metaspace       used 42209K, capacity 42472K, committed 42624K, reserved 1083392K
  class space    used 7898K, capacity 7954K, committed 8064K, reserved 1048576K
Event: 6.692 GC heap after
Heap after GC invocations=5 (full 0):
 PSYoungGen      total 132096K, used 5089K [0x00000000d5580000, 0x00000000e7580000, 0x0000000100000000)
  eden space 126976K, 0% used [0x00000000d5580000,0x00000000d5580000,0x00000000dd180000)
  from space 5120K, 99% used [0x00000000dd180000,0x00000000dd678508,0x00000000dd680000)
  to   space 20480K, 0% used [0x00000000e6180000,0x00000000e6180000,0x00000000e7580000)
 ParOldGen       total 84992K, used 33383K [0x0000000080000000, 0x0000000085300000, 0x00000000d5580000)
  object space 84992K, 39% used [0x0000000080000000,0x0000000082099e70,0x0000000085300000)
 Metaspace       used 42209K, capacity 42472K, committed 42624K, reserved 1083392K
  class space    used 7898K, capacity 7954K, committed 8064K, reserved 1048576K
}
Event: 8.236 GC heap before
{Heap before GC invocations=6 (full 0):
 PSYoungGen      total 132096K, used 132065K [0x00000000d5580000, 0x00000000e7580000, 0x0000000100000000)
  eden space 126976K, 100% used [0x00000000d5580000,0x00000000dd180000,0x00000000dd180000)
  from space 5120K, 99% used [0x00000000dd180000,0x00000000dd678508,0x00000000dd680000)
  to   space 20480K, 0% used [0x00000000e6180000,0x00000000e6180000,0x00000000e7580000)
 ParOldGen       total 84992K, used 33383K [0x0000000080000000, 0x0000000085300000, 0x00000000d5580000)
  object space 84992K, 39% used [0x0000000080000000,0x0000000082099e70,0x0000000085300000)
 Metaspace       used 46973K, capacity 47284K, committed 47488K, reserved 1087488K
  class space    used 8914K, capacity 9050K, committed 9088K, reserved 1048576K
Event: 8.323 GC heap after
Heap after GC invocations=6 (full 0):
 PSYoungGen      total 256512K, used 20473K [0x00000000d5580000, 0x00000000e9880000, 0x0000000100000000)
  eden space 236032K, 0% used [0x00000000d5580000,0x00000000d5580000,0x00000000e3c00000)
  from space 20480K, 99% used [0x00000000e6180000,0x00000000e757e7c8,0x00000000e7580000)
  to   space 38400K, 0% used [0x00000000e3c00000,0x00000000e3c00000,0x00000000e6180000)
 ParOldGen       total 84992K, used 58866K [0x0000000080000000, 0x0000000085300000, 0x00000000d5580000)
  object space 84992K, 69% used [0x0000000080000000,0x000000008397c908,0x0000000085300000)
 Metaspace       used 46973K, capacity 47284K, committed 47488K, reserved 1087488K
  class space    used 8914K, capacity 9050K, committed 9088K, reserved 1048576K
}
Event: 11.176 GC heap before
{Heap before GC invocations=7 (full 0):
 PSYoungGen      total 256512K, used 256505K [0x00000000d5580000, 0x00000000e9880000, 0x0000000100000000)
  eden space 236032K, 100% used [0x00000000d5580000,0x00000000e3c00000,0x00000000e3c00000)
  from space 20480K, 99% used [0x00000000e6180000,0x00000000e757e7c8,0x00000000e7580000)
  to   space 38400K, 0% used [0x00000000e3c00000,0x00000000e3c00000,0x00000000e6180000)
 ParOldGen       total 84992K, used 58866K [0x0000000080000000, 0x0000000085300000, 0x00000000d5580000)
  object space 84992K, 69% used [0x0000000080000000,0x000000008397c908,0x0000000085300000)
 Metaspace       used 51905K, capacity 52204K, committed 52480K, reserved 1091584K
  class space    used 9978K, capacity 10114K, committed 10240K, reserved 1048576K

Deoptimization events (10 events):
Event: 10.292 Thread 0x00007f2244008800 Uncommon trap: reason=class_check action=maybe_recompile pc=0x00007f22361a37e8 method=scala.reflect.internal.transform.UnCurry$$anon$2.apply(Lscala/reflect/internal/Types$Type;)Lscala/reflect/internal/Types$Type; @ 641
Event: 10.292 Thread 0x00007f2244008800 Uncommon trap: reason=class_check action=maybe_recompile pc=0x00007f22361a37e8 method=scala.reflect.internal.transform.UnCurry$$anon$2.apply(Lscala/reflect/internal/Types$Type;)Lscala/reflect/internal/Types$Type; @ 641
Event: 10.297 Thread 0x00007f2244008800 Uncommon trap: reason=class_check action=maybe_recompile pc=0x00007f22361a37e8 method=scala.reflect.internal.transform.UnCurry$$anon$2.apply(Lscala/reflect/internal/Types$Type;)Lscala/reflect/internal/Types$Type; @ 641
Event: 10.297 Thread 0x00007f2244008800 Uncommon trap: reason=class_check action=maybe_recompile pc=0x00007f22361a37e8 method=scala.reflect.internal.transform.UnCurry$$anon$2.apply(Lscala/reflect/internal/Types$Type;)Lscala/reflect/internal/Types$Type; @ 641
Event: 10.366 Thread 0x00007f2244008800 Uncommon trap: reason=class_check action=maybe_recompile pc=0x00007f22361b1ab0 method=scala.reflect.internal.Types$Type.findDecl(Lscala/reflect/internal/Names$Name;I)Lscala/reflect/internal/Symbols$Symbol; @ 143
Event: 10.373 Thread 0x00007f2244008800 Uncommon trap: reason=bimorphic action=maybe_recompile pc=0x00007f223591f2b4 method=scala.collection.mutable.ResizableArray$class.ensureSize(Lscala/collection/mutable/ResizableArray;I)V @ 2
Event: 10.444 Thread 0x00007f2244008800 Uncommon trap: reason=class_check action=maybe_recompile pc=0x00007f22359ca518 method=sbt.ScopeAxis$class.fold(Lsbt/ScopeAxis;Lscala/Function1;Lscala/Function0;Lscala/Function0;)Ljava/lang/Object; @ 106
Event: 10.445 Thread 0x00007f2244008800 Uncommon trap: reason=class_check action=maybe_recompile pc=0x00007f22359ca518 method=sbt.ScopeAxis$class.fold(Lsbt/ScopeAxis;Lscala/Function1;Lscala/Function0;Lscala/Function0;)Ljava/lang/Object; @ 106
Event: 10.690 Thread 0x00007f2244008800 Uncommon trap: reason=unstable_if action=reinterpret pc=0x00007f223575d45c method=sbt.complete.Parser$$anonfun$mapParser$1.apply()Lsbt/complete/Parser; @ 14
Event: 10.690 Thread 0x00007f2244008800 Uncommon trap: reason=unstable_if action=reinterpret pc=0x00007f223575cd9c method=sbt.complete.Parser$$anonfun$mapParser$1.apply()Lsbt/complete/Parser; @ 14

Internal exceptions (10 events):
Event: 6.201 Thread 0x00007f2244008800 Exception <a 'java/security/PrivilegedActionException'> (0x00000000d83d44c8) thrown at [/build/java8-openjdk/src/jdk8u-jdk8u51-b16/hotspot/src/share/vm/prims/jvm.cpp, line 1382]
Event: 6.201 Thread 0x00007f2244008800 Exception <a 'java/security/PrivilegedActionException'> (0x00000000d83d49a0) thrown at [/build/java8-openjdk/src/jdk8u-jdk8u51-b16/hotspot/src/share/vm/prims/jvm.cpp, line 1382]
Event: 6.212 Thread 0x00007f2244008800 Exception <a 'java/security/PrivilegedActionException'> (0x00000000da223a00) thrown at [/build/java8-openjdk/src/jdk8u-jdk8u51-b16/hotspot/src/share/vm/prims/jvm.cpp, line 1382]
Event: 6.212 Thread 0x00007f2244008800 Exception <a 'java/security/PrivilegedActionException'> (0x00000000da223ed8) thrown at [/build/java8-openjdk/src/jdk8u-jdk8u51-b16/hotspot/src/share/vm/prims/jvm.cpp, line 1382]
Event: 6.357 Thread 0x00007f2244008800 Exception <a 'java/lang/ArrayIndexOutOfBoundsException'> (0x00000000daee3c00) thrown at [/build/java8-openjdk/src/jdk8u-jdk8u51-b16/hotspot/src/share/vm/runtime/sharedRuntime.cpp, line 605]
Event: 6.393 Thread 0x00007f2244008800 Exception <a 'java/lang/ArrayIndexOutOfBoundsException'> (0x00000000dafd14c0) thrown at [/build/java8-openjdk/src/jdk8u-jdk8u51-b16/hotspot/src/share/vm/runtime/sharedRuntime.cpp, line 605]
Event: 6.399 Thread 0x00007f2244008800 Exception <a 'java/lang/ArrayIndexOutOfBoundsException'> (0x00000000dafee7f8) thrown at [/build/java8-openjdk/src/jdk8u-jdk8u51-b16/hotspot/src/share/vm/runtime/sharedRuntime.cpp, line 605]
Event: 6.866 Thread 0x00007f2244008800 Exception <a 'java/io/FileNotFoundException'> (0x00000000d6e4a170) thrown at [/build/java8-openjdk/src/jdk8u-jdk8u51-b16/hotspot/src/share/vm/prims/jni.cpp, line 709]
Event: 8.353 Thread 0x00007f2244008800 Implicit null exception at 0x00007f2235cf7ea3 to 0x00007f2235cf813d
Event: 9.633 Thread 0x00007f2244008800 Implicit null exception at 0x00007f2235b2ec11 to 0x00007f2235b2f6f5

Events (10 events):
Event: 11.080 Executing VM operation: RevokeBias done
Event: 11.088 Executing VM operation: RevokeBias
Event: 11.088 Executing VM operation: RevokeBias done
Event: 11.097 Executing VM operation: RevokeBias
Event: 11.097 Executing VM operation: RevokeBias done
Event: 11.097 Thread 0x00007f21e4034800 Thread exited: 0x00007f21e4034800
Event: 11.097 Thread 0x00007f2244cd2000 Thread exited: 0x00007f2244cd2000
Event: 11.097 Thread 0x00007f2244cd2800 Thread exited: 0x00007f2244cd2800
Event: 11.097 Thread 0x00007f2244cd3800 Thread exited: 0x00007f2244cd3800
Event: 11.176 Executing VM operation: ParallelGCFailedAllocation


Dynamic libraries:
00400000-00401000 r-xp 00000000 08:02 3545980                            /usr/lib/jvm/java-8-openjdk/jre/bin/java
00600000-00601000 rw-p 00000000 08:02 3545980                            /usr/lib/jvm/java-8-openjdk/jre/bin/java
01faa000-01fcb000 rw-p 00000000 00:00 0                                  [heap]
80000000-85300000 rw-p 00000000 00:00 0 
85300000-d5580000 ---p 00000000 00:00 0 
d5580000-e9880000 rw-p 00000000 00:00 0 
f7a80000-100000000 ---p 00000000 00:00 0 
100000000-100a00000 rw-p 00000000 00:00 0 
100a00000-140000000 ---p 00000000 00:00 0 
7f21e0000000-7f21e00b8000 rw-p 00000000 00:00 0 
7f21e00b8000-7f21e4000000 ---p 00000000 00:00 0 
7f21e4000000-7f21e4036000 rw-p 00000000 00:00 0 
7f21e4036000-7f21e8000000 ---p 00000000 00:00 0 
7f21e8000000-7f21e8034000 rw-p 00000000 00:00 0 
7f21e8034000-7f21ec000000 ---p 00000000 00:00 0 
7f21ec000000-7f21ec021000 rw-p 00000000 00:00 0 
7f21ec021000-7f21f0000000 ---p 00000000 00:00 0 
7f21f0000000-7f21f0086000 rw-p 00000000 00:00 0 
7f21f0086000-7f21f4000000 ---p 00000000 00:00 0 
7f21f4000000-7f21f402b000 rw-p 00000000 00:00 0 
7f21f402b000-7f21f8000000 ---p 00000000 00:00 0 
7f21f8000000-7f21f8021000 rw-p 00000000 00:00 0 
7f21f8021000-7f21fc000000 ---p 00000000 00:00 0 
7f21fc000000-7f21fc021000 rw-p 00000000 00:00 0 
7f21fc021000-7f2200000000 ---p 00000000 00:00 0 
7f2200000000-7f2201ef0000 rw-p 00000000 00:00 0 
7f2201ef0000-7f2204000000 ---p 00000000 00:00 0 
7f2204000000-7f2204d71000 rw-p 00000000 00:00 0 
7f2204d71000-7f2208000000 ---p 00000000 00:00 0 
7f2208000000-7f2208021000 rw-p 00000000 00:00 0 
7f2208021000-7f220c000000 ---p 00000000 00:00 0 
7f220c000000-7f220e427000 rw-p 00000000 00:00 0 
7f220e427000-7f2210000000 ---p 00000000 00:00 0 
7f2210000000-7f2210021000 rw-p 00000000 00:00 0 
7f2210021000-7f2214000000 ---p 00000000 00:00 0 
7f2214000000-7f2214021000 rw-p 00000000 00:00 0 
7f2214021000-7f2218000000 ---p 00000000 00:00 0 
7f2218000000-7f2218021000 rw-p 00000000 00:00 0 
7f2218021000-7f221c000000 ---p 00000000 00:00 0 
7f221c000000-7f221c021000 rw-p 00000000 00:00 0 
7f221c021000-7f2220000000 ---p 00000000 00:00 0 
7f2220000000-7f2220021000 rw-p 00000000 00:00 0 
7f2220021000-7f2224000000 ---p 00000000 00:00 0 
7f2224b7d000-7f2224cbe000 rw-p 00000000 00:00 0 
7f2224cbe000-7f2224d7e000 ---p 00000000 00:00 0 
7f2224d7e000-7f2224f7e000 rw-p 00000000 00:00 0 
7f2224f7e000-7f222517e000 rw-p 00000000 00:00 0 
7f222517e000-7f2225184000 r--s 0003a000 08:02 3681030                    /usr/lib/jvm/java-8-openjdk/jre/lib/ext/sunjce_provider.jar
7f2225184000-7f222519e000 r--s 001d3000 08:02 3681027                    /usr/lib/jvm/java-8-openjdk/jre/lib/ext/nashorn.jar
7f222519e000-7f222519f000 r--s 00010000 08:02 3681028                    /usr/lib/jvm/java-8-openjdk/jre/lib/ext/zipfs.jar
7f222519f000-7f22251a2000 r--s 00037000 08:02 3681031                    /usr/lib/jvm/java-8-openjdk/jre/lib/ext/sunpkcs11.jar
7f22251a2000-7f22251a3000 r--s 00008000 08:02 3681029                    /usr/lib/jvm/java-8-openjdk/jre/lib/ext/sunec.jar
7f22251a3000-7f22253a3000 rw-p 00000000 00:00 0 
7f22253a3000-7f22253c7000 r--s 001bc000 08:06 2616760                    /home/lvl/.ivy2/cache/org.scalariform/scalariform_2.10/jars/scalariform_2.10-0.1.6.jar
7f22253c7000-7f22255c7000 rw-p 00000000 00:00 0 
7f22255c7000-7f22257c7000 rw-p 00000000 00:00 0 
7f22257c7000-7f22257ca000 ---p 00000000 00:00 0 
7f22257ca000-7f22258c8000 rw-p 00000000 00:00 0 
7f22258c8000-7f22258cb000 ---p 00000000 00:00 0 
7f22258cb000-7f22259c9000 rw-p 00000000 00:00 0 
7f22259c9000-7f22259cc000 ---p 00000000 00:00 0 
7f22259cc000-7f2225aca000 rw-p 00000000 00:00 0 
7f2225aca000-7f2225acd000 ---p 00000000 00:00 0 
7f2225acd000-7f2225bcb000 rw-p 00000000 00:00 0 
7f2225bcb000-7f2225bce000 ---p 00000000 00:00 0 
7f2225bce000-7f2225ecc000 rw-p 00000000 00:00 0 
7f2225ecc000-7f22260cc000 rw-p 00000000 00:00 0 
7f22260cc000-7f22260ce000 r--s 00001000 08:02 3681032                    /usr/lib/jvm/java-8-openjdk/jre/lib/ext/dnsns.jar
7f22260ce000-7f22260d3000 r--s 002f8000 08:02 3545923                    /usr/lib/jvm/java-8-openjdk/jre/lib/charsets.jar
7f22260d3000-7f22260d6000 r--s 00015000 08:02 3545919                    /usr/lib/jvm/java-8-openjdk/jre/lib/jce.jar
7f22260d6000-7f22260d8000 r--s 00006000 08:06 1433499                    /home/lvl/.ivy2/cache/scala_2.10/sbt_0.13/org.scalariform/sbt-scalariform/jars/sbt-scalariform-1.4.0.jar
7f22260d8000-7f22260db000 r--s 00012000 08:06 1433497                    /home/lvl/.ivy2/cache/scala_2.10/sbt_0.13/org.ensime/ensime-sbt/jars/ensime-sbt-0.1.7.jar
7f22260db000-7f22260de000 ---p 00000000 00:00 0 
7f22260de000-7f22263dc000 rw-p 00000000 00:00 0 
7f22263dc000-7f22263f8000 r--s 00393000 08:02 3681034                    /usr/lib/jvm/java-8-openjdk/jre/lib/ext/cldrdata.jar
7f22263f8000-7f2226402000 r--s 00116000 08:02 3681033                    /usr/lib/jvm/java-8-openjdk/jre/lib/ext/localedata.jar
7f2226402000-7f2226602000 rw-p 00000000 00:00 0 
7f2226602000-7f2226802000 rw-p 00000000 00:00 0 
7f2226802000-7f2226815000 r--s 00345000 08:02 3545924                    /usr/lib/jvm/java-8-openjdk/jre/lib/resources.jar
7f2226815000-7f2226a15000 rw-p 00000000 00:00 0 
7f2226a15000-7f2226c15000 rw-p 00000000 00:00 0 
7f2226c15000-7f2226e15000 rw-p 00000000 00:00 0 
7f2226e15000-7f2227015000 rw-p 00000000 00:00 0 
7f2227015000-7f222708d000 r--s 010ee000 08:02 3681069                    /usr/lib/jvm/java-8-openjdk/lib/tools.jar
7f222708d000-7f222728d000 rw-p 00000000 00:00 0 
7f222728d000-7f2227291000 r--s 00095000 08:02 3545922                    /usr/lib/jvm/java-8-openjdk/jre/lib/jsse.jar
7f2227291000-7f2227293000 r--s 0000b000 08:06 1056053                    /home/lvl/.sbt/boot/scala-2.10.4/org.scala-sbt/sbt/0.13.8/xsbti/interface-0.13.8.jar
7f2227293000-7f22272a2000 r--s 000bb000 08:06 1056069                    /home/lvl/.sbt/boot/scala-2.10.4/org.scala-sbt/sbt/0.13.8/scala-pickling_2.10-0.10.0.jar
7f22272a2000-7f22272a4000 r--s 00006000 08:06 1055189                    /home/lvl/.sbt/boot/scala-2.10.4/org.scala-sbt/sbt/0.13.8/relation-0.13.8.jar
7f22272a4000-7f22272a9000 r--s 00036000 08:06 1056067                    /home/lvl/.sbt/boot/scala-2.10.4/org.scala-sbt/sbt/0.13.8/compile-0.13.8.jar
7f22272a9000-7f22272ae000 r--s 00024000 08:06 1055928                    /home/lvl/.sbt/boot/scala-2.10.4/org.scala-sbt/sbt/0.13.8/persist-0.13.8.jar
7f22272ae000-7f22274ae000 rw-p 00000000 00:00 0 
7f22274ae000-7f22274b1000 r--s 00018000 08:06 1055190                    /home/lvl/.sbt/boot/scala-2.10.4/org.scala-sbt/sbt/0.13.8/logging-0.13.8.jar
7f22274b1000-7f22274bb000 r--s 00092000 08:06 1055926                    /home/lvl/.sbt/boot/scala-2.10.4/org.scala-sbt/sbt/0.13.8/main-settings-0.13.8.jar
7f22274bb000-7f22274bd000 r--s 00012000 08:06 1056068                    /home/lvl/.sbt/boot/scala-2.10.4/org.scala-sbt/sbt/0.13.8/jawn-parser_2.10-0.6.0.jar
7f22274bd000-7f22274c1000 r--s 00022000 08:06 1056075                    /home/lvl/.sbt/boot/scala-2.10.4/org.scala-sbt/sbt/0.13.8/sbinary_2.10-0.4.2.jar
7f22274c1000-7f22274c4000 r--s 0001e000 08:06 1056081                    /home/lvl/.sbt/boot/scala-2.10.4/org.scala-sbt/sbt/0.13.8/run-0.13.8.jar
7f22274c4000-7f22274c6000 r--s 00001000 08:06 1056084                    /home/lvl/.sbt/boot/scala-2.10.4/org.scala-sbt/sbt/0.13.8/launcher-interface-0.13.8.jar
7f22274c6000-7f22274c7000 r--s 00001000 08:06 1056064                    /home/lvl/.sbt/boot/scala-2.10.4/org.scala-sbt/sbt/0.13.8/cross-0.13.8.jar
7f22274c7000-7f22274c9000 r--s 00014000 08:06 1056091                    /home/lvl/.sbt/boot/scala-2.10.4/org.scala-sbt/sbt/0.13.8/apply-macro-0.13.8.jar
7f22274c9000-7f22274cb000 r--s 00017000 08:06 1055923                    /home/lvl/.sbt/boot/scala-2.10.4/org.scala-sbt/sbt/0.13.8/testing-0.13.8.jar
7f22274cb000-7f22274cc000 r--s 00005000 08:06 1056088                    /home/lvl/.sbt/boot/scala-2.10.4/org.scala-sbt/sbt/0.13.8/sbt-0.13.8.jar
7f22274cc000-7f22274ce000 r--s 0000e000 08:06 1056074                    /home/lvl/.sbt/boot/scala-2.10.4/org.scala-sbt/sbt/0.13.8/logic-0.13.8.jar
7f22274ce000-7f22274d1000 r--s 00012000 08:06 1056061                    /home/lvl/.sbt/boot/scala-2.10.4/org.scala-sbt/sbt/0.13.8/classfile-0.13.8.jar
7f22274d1000-7f22274db000 r--s 00085000 08:06 1056083                    /home/lvl/.sbt/boot/scala-2.10.4/org.scala-sbt/sbt/0.13.8/json4s-core_2.10-3.2.10.jar
7f22274db000-7f22274e5000 r--s 0006e000 08:06 1056089                    /home/lvl/.sbt/boot/scala-2.10.4/org.scala-sbt/sbt/0.13.8/incremental-compiler-0.13.8.jar
7f22274e5000-7f22274e7000 r--s 00013000 08:06 1056063                    /home/lvl/.sbt/boot/scala-2.10.4/org.scala-sbt/sbt/0.13.8/json4s-ast_2.10-3.2.10.jar
7f22274e7000-7f22274e9000 r--s 00001000 08:06 1056086                    /home/lvl/.sbt/boot/scala-2.10.4/org.scala-sbt/sbt/0.13.8/compiler-ivy-integration-0.13.8.jar
7f22274e9000-7f22274f0000 r--s 00049000 08:06 1056093                    /home/lvl/.sbt/boot/scala-2.10.4/org.scala-sbt/sbt/0.13.8/api-0.13.8.jar
7f22274f0000-7f22274f6000 r--s 0003d000 08:06 1056071                    /home/lvl/.sbt/boot/scala-2.10.4/org.scala-sbt/sbt/0.13.8/io-0.13.8.jar
7f22274f6000-7f22274f9000 r--s 0001a000 08:06 1055927                    /home/lvl/.sbt/boot/scala-2.10.4/org.scala-sbt/sbt/0.13.8/cache-0.13.8.jar
7f22274f9000-7f22274fc000 r--s 0001c000 08:06 1056080                    /home/lvl/.sbt/boot/scala-2.10.4/org.scala-sbt/sbt/0.13.8/compiler-integration-0.13.8.jar
7f22274fc000-7f2227500000 r--s 0001b000 08:06 1056065                    /home/lvl/.sbt/boot/scala-2.10.4/org.scala-sbt/sbt/0.13.8/process-0.13.8.jar
7f2227500000-7f2227502000 r--s 0000b000 08:06 1056087                    /home/lvl/.sbt/boot/scala-2.10.4/org.scala-sbt/sbt/0.13.8/tracking-0.13.8.jar
7f2227502000-7f2227507000 r--s 00036000 08:06 1055922                    /home/lvl/.sbt/boot/scala-2.10.4/org.scala-sbt/sbt/0.13.8/command-0.13.8.jar
7f2227507000-7f222750a000 r--s 00013000 08:06 1056079                    /home/lvl/.sbt/boot/scala-2.10.4/org.scala-sbt/sbt/0.13.8/classpath-0.13.8.jar
7f222750a000-7f2227513000 r--s 0006e000 08:06 1055924                    /home/lvl/.sbt/boot/scala-2.10.4/org.scala-sbt/sbt/0.13.8/actions-0.13.8.jar
7f2227513000-7f222751a000 r--s 0004b000 08:06 1056054                    /home/lvl/.sbt/boot/scala-2.10.4/org.scala-sbt/sbt/0.13.8/serialization_2.10-0.1.1.jar
7f222751a000-7f2227530000 r--s 00100000 08:06 1056082                    /home/lvl/.sbt/boot/scala-2.10.4/org.scala-sbt/sbt/0.13.8/ivy-2.3.0-sbt-fccfbd44c9f64523b61398a0155784dcbaeae28f.jar
7f2227530000-7f2227550000 r--s 001a4000 08:06 1056072                    /home/lvl/.sbt/boot/scala-2.10.4/org.scala-sbt/sbt/0.13.8/ivy-0.13.8.jar
7f2227550000-7f222755c000 r--s 000a4000 08:06 1055191                    /home/lvl/.sbt/boot/scala-2.10.4/org.scala-sbt/sbt/0.13.8/quasiquotes_2.10-2.0.1.jar
7f222755c000-7f2227564000 r--s 00060000 08:06 1055925                    /home/lvl/.sbt/boot/scala-2.10.4/org.scala-sbt/sbt/0.13.8/collections-0.13.8.jar
7f2227564000-7f22275d6000 r--s 0065a000 08:06 915974                     /home/lvl/.sbt/boot/scala-2.10.4/lib/scala-library.jar
7f22275d6000-7f22276d3000 r--s 00cca000 08:06 915976                     /home/lvl/.sbt/boot/scala-2.10.4/lib/scala-compiler.jar
7f22276d3000-7f22276e4000 r-xp 00000000 08:02 3545965                    /usr/lib/jvm/java-8-openjdk/jre/lib/amd64/libnio.so
7f22276e4000-7f22278e3000 ---p 00011000 08:02 3545965                    /usr/lib/jvm/java-8-openjdk/jre/lib/amd64/libnio.so
7f22278e3000-7f22278e4000 rw-p 00010000 08:02 3545965                    /usr/lib/jvm/java-8-openjdk/jre/lib/amd64/libnio.so
7f22278e4000-7f22278fa000 r-xp 00000000 08:02 3545956                    /usr/lib/jvm/java-8-openjdk/jre/lib/amd64/libnet.so
7f22278fa000-7f2227afa000 ---p 00016000 08:02 3545956                    /usr/lib/jvm/java-8-openjdk/jre/lib/amd64/libnet.so
7f2227afa000-7f2227afb000 rw-p 00016000 08:02 3545956                    /usr/lib/jvm/java-8-openjdk/jre/lib/amd64/libnet.so
7f2227afb000-7f2227afc000 ---p 00000000 00:00 0 
7f2227afc000-7f2227bfc000 rw-p 00000000 00:00 0                          [stack:22419]
7f2227bfc000-7f2227bff000 ---p 00000000 00:00 0 
7f2227bff000-7f2227cfd000 rw-p 00000000 00:00 0                          [stack:22418]
7f2227cfd000-7f2227d00000 ---p 00000000 00:00 0 
7f2227d00000-7f2227dfe000 rw-p 00000000 00:00 0                          [stack:22417]
7f2227dfe000-7f2227e01000 ---p 00000000 00:00 0 
7f2227e01000-7f2227eff000 rw-p 00000000 00:00 0                          [stack:22416]
7f2227eff000-7f2227f02000 ---p 00000000 00:00 0 
7f2227f02000-7f2228000000 rw-p 00000000 00:00 0                          [stack:22415]
7f2228000000-7f2228021000 rw-p 00000000 00:00 0 
7f2228021000-7f222c000000 ---p 00000000 00:00 0 
7f222c000000-7f2230000000 rw-p 00000000 00:00 0 
7f2230000000-7f2230021000 rw-p 00000000 00:00 0 
7f2230021000-7f2234000000 ---p 00000000 00:00 0 
7f2234000000-7f2234002000 r--s 00002000 08:06 1056092                    /home/lvl/.sbt/boot/scala-2.10.4/org.scala-sbt/sbt/0.13.8/test-interface-1.0.jar
7f2234002000-7f2234038000 r--s 002d9000 08:06 1056070                    /home/lvl/.sbt/boot/scala-2.10.4/org.scala-sbt/sbt/0.13.8/scala-reflect-2.10.4.jar
7f2234038000-7f2234064000 r--s 00235000 08:06 1056078                    /home/lvl/.sbt/boot/scala-2.10.4/org.scala-sbt/sbt/0.13.8/main-0.13.8.jar
7f2234064000-7f2234067000 ---p 00000000 00:00 0 
7f2234067000-7f2234165000 rw-p 00000000 00:00 0                          [stack:22414]
7f2234165000-7f22342f3000 r--p 00000000 08:02 3299265                    /usr/lib/locale/locale-archive
7f22342f3000-7f22342f6000 ---p 00000000 00:00 0 
7f22342f6000-7f22343f4000 rw-p 00000000 00:00 0                          [stack:22413]
7f22343f4000-7f22343f7000 ---p 00000000 00:00 0 
7f22343f7000-7f22344f5000 rw-p 00000000 00:00 0                          [stack:22412]
7f22344f5000-7f22344f6000 ---p 00000000 00:00 0 
7f22344f6000-7f2235000000 rw-p 00000000 00:00 0                          [stack:22411]
7f2235000000-7f2236280000 rwxp 00000000 00:00 0 
7f2236280000-7f2244000000 ---p 00000000 00:00 0 
7f2244000000-7f2245b88000 rw-p 00000000 00:00 0 
7f2245b88000-7f2248000000 ---p 00000000 00:00 0 
7f2248000000-7f2248003000 r--s 0001d000 08:06 1056090                    /home/lvl/.sbt/boot/scala-2.10.4/org.scala-sbt/sbt/0.13.8/task-system-0.13.8.jar
7f2248003000-7f2248039000 r--s 002d9000 08:06 915978                     /home/lvl/.sbt/boot/scala-2.10.4/lib/scala-reflect.jar
7f2248039000-7f2248054000 r--s 0010d000 08:06 657007                     /home/lvl/.IntelliJIdea15/config/plugins/Scala/launcher/sbt-launch.jar
7f2248054000-7f2248559000 rw-p 00000000 00:00 0 
7f2248559000-7f2248726000 r--s 03bd6000 08:02 3545925                    /usr/lib/jvm/java-8-openjdk/jre/lib/rt.jar
7f2248726000-7f224939c000 rw-p 00000000 00:00 0 
7f224939c000-7f224939d000 ---p 00000000 00:00 0 
7f224939d000-7f224949d000 rw-p 00000000 00:00 0                          [stack:22407]
7f224949d000-7f224949e000 ---p 00000000 00:00 0 
7f224949e000-7f224959e000 rw-p 00000000 00:00 0                          [stack:22406]
7f224959e000-7f224959f000 ---p 00000000 00:00 0 
7f224959f000-7f224969f000 rw-p 00000000 00:00 0                          [stack:22405]
7f224969f000-7f22496a0000 ---p 00000000 00:00 0 
7f22496a0000-7f22497ca000 rw-p 00000000 00:00 0                          [stack:22404]
7f22497ca000-7f2249a4b000 ---p 00000000 00:00 0 
7f2249a4b000-7f2249a75000 rw-p 00000000 00:00 0 
7f2249a75000-7f2249cf5000 ---p 00000000 00:00 0 
7f2249cf5000-7f2249d98000 rw-p 00000000 00:00 0 
7f2249d98000-7f2249e4b000 ---p 00000000 00:00 0 
7f2249e4b000-7f2249e96000 rw-p 00000000 00:00 0 
7f2249e96000-7f224a20c000 ---p 00000000 00:00 0 
7f224a20c000-7f224a214000 r-xp 00000000 08:02 3545952                    /usr/lib/jvm/java-8-openjdk/jre/lib/amd64/libzip.so
7f224a214000-7f224a413000 ---p 00008000 08:02 3545952                    /usr/lib/jvm/java-8-openjdk/jre/lib/amd64/libzip.so
7f224a413000-7f224a414000 rw-p 00007000 08:02 3545952                    /usr/lib/jvm/java-8-openjdk/jre/lib/amd64/libzip.so
7f224a414000-7f224a41f000 r-xp 00000000 08:02 3279091                    /usr/lib/libnss_files-2.22.so
7f224a41f000-7f224a61e000 ---p 0000b000 08:02 3279091                    /usr/lib/libnss_files-2.22.so
7f224a61e000-7f224a61f000 r--p 0000a000 08:02 3279091                    /usr/lib/libnss_files-2.22.so
7f224a61f000-7f224a620000 rw-p 0000b000 08:02 3279091                    /usr/lib/libnss_files-2.22.so
7f224a620000-7f224a626000 rw-p 00000000 00:00 0 
7f224a626000-7f224a652000 r-xp 00000000 08:02 3545951                    /usr/lib/jvm/java-8-openjdk/jre/lib/amd64/libjava.so
7f224a652000-7f224a852000 ---p 0002c000 08:02 3545951                    /usr/lib/jvm/java-8-openjdk/jre/lib/amd64/libjava.so
7f224a852000-7f224a854000 rw-p 0002c000 08:02 3545951                    /usr/lib/jvm/java-8-openjdk/jre/lib/amd64/libjava.so
7f224a854000-7f224a861000 r-xp 00000000 08:02 3545943                    /usr/lib/jvm/java-8-openjdk/jre/lib/amd64/libverify.so
7f224a861000-7f224aa60000 ---p 0000d000 08:02 3545943                    /usr/lib/jvm/java-8-openjdk/jre/lib/amd64/libverify.so
7f224aa60000-7f224aa62000 rw-p 0000c000 08:02 3545943                    /usr/lib/jvm/java-8-openjdk/jre/lib/amd64/libverify.so
7f224aa62000-7f224aa69000 r-xp 00000000 08:02 3279040                    /usr/lib/librt-2.22.so
7f224aa69000-7f224ac68000 ---p 00007000 08:02 3279040                    /usr/lib/librt-2.22.so
7f224ac68000-7f224ac69000 r--p 00006000 08:02 3279040                    /usr/lib/librt-2.22.so
7f224ac69000-7f224ac6a000 rw-p 00007000 08:02 3279040                    /usr/lib/librt-2.22.so
7f224ac6a000-7f224ad67000 r-xp 00000000 08:02 3279046                    /usr/lib/libm-2.22.so
7f224ad67000-7f224af66000 ---p 000fd000 08:02 3279046                    /usr/lib/libm-2.22.so
7f224af66000-7f224af67000 r--p 000fc000 08:02 3279046                    /usr/lib/libm-2.22.so
7f224af67000-7f224af68000 rw-p 000fd000 08:02 3279046                    /usr/lib/libm-2.22.so
7f224af68000-7f224bbb6000 r-xp 00000000 08:02 3681061                    /usr/lib/jvm/java-8-openjdk/jre/lib/amd64/server/libjvm.so
7f224bbb6000-7f224bdb5000 ---p 00c4e000 08:02 3681061                    /usr/lib/jvm/java-8-openjdk/jre/lib/amd64/server/libjvm.so
7f224bdb5000-7f224be71000 rw-p 00c4d000 08:02 3681061                    /usr/lib/jvm/java-8-openjdk/jre/lib/amd64/server/libjvm.so
7f224be71000-7f224be9f000 rw-p 00000000 00:00 0 
7f224be9f000-7f224c03a000 r-xp 00000000 08:02 3279055                    /usr/lib/libc-2.22.so
7f224c03a000-7f224c239000 ---p 0019b000 08:02 3279055                    /usr/lib/libc-2.22.so
7f224c239000-7f224c23d000 r--p 0019a000 08:02 3279055                    /usr/lib/libc-2.22.so
7f224c23d000-7f224c23f000 rw-p 0019e000 08:02 3279055                    /usr/lib/libc-2.22.so
7f224c23f000-7f224c243000 rw-p 00000000 00:00 0 
7f224c243000-7f224c246000 r-xp 00000000 08:02 3278992                    /usr/lib/libdl-2.22.so
7f224c246000-7f224c445000 ---p 00003000 08:02 3278992                    /usr/lib/libdl-2.22.so
7f224c445000-7f224c446000 r--p 00002000 08:02 3278992                    /usr/lib/libdl-2.22.so
7f224c446000-7f224c447000 rw-p 00003000 08:02 3278992                    /usr/lib/libdl-2.22.so
7f224c447000-7f224c454000 r-xp 00000000 08:02 3681058                    /usr/lib/jvm/java-8-openjdk/jre/lib/amd64/jli/libjli.so
7f224c454000-7f224c653000 ---p 0000d000 08:02 3681058                    /usr/lib/jvm/java-8-openjdk/jre/lib/amd64/jli/libjli.so
7f224c653000-7f224c654000 rw-p 0000c000 08:02 3681058                    /usr/lib/jvm/java-8-openjdk/jre/lib/amd64/jli/libjli.so
7f224c654000-7f224c669000 r-xp 00000000 08:02 3279143                    /usr/lib/libz.so.1.2.8
7f224c669000-7f224c868000 ---p 00015000 08:02 3279143                    /usr/lib/libz.so.1.2.8
7f224c868000-7f224c869000 r--p 00014000 08:02 3279143                    /usr/lib/libz.so.1.2.8
7f224c869000-7f224c86a000 rw-p 00015000 08:02 3279143                    /usr/lib/libz.so.1.2.8
7f224c86a000-7f224c882000 r-xp 00000000 08:02 3279084                    /usr/lib/libpthread-2.22.so
7f224c882000-7f224ca81000 ---p 00018000 08:02 3279084                    /usr/lib/libpthread-2.22.so
7f224ca81000-7f224ca82000 r--p 00017000 08:02 3279084                    /usr/lib/libpthread-2.22.so
7f224ca82000-7f224ca83000 rw-p 00018000 08:02 3279084                    /usr/lib/libpthread-2.22.so
7f224ca83000-7f224ca87000 rw-p 00000000 00:00 0 
7f224ca87000-7f224caa9000 r-xp 00000000 08:02 3278978                    /usr/lib/ld-2.22.so
7f224caa9000-7f224caaa000 r--s 00005000 08:06 1056055                    /home/lvl/.sbt/boot/scala-2.10.4/org.scala-sbt/sbt/0.13.8/test-agent-0.13.8.jar
7f224caaa000-7f224caab000 r--s 00001000 08:06 1056062                    /home/lvl/.sbt/boot/scala-2.10.4/org.scala-sbt/sbt/0.13.8/json4s-support_2.10-0.6.0.jar
7f224caab000-7f224cab3000 r--s 00057000 08:06 1056066                    /home/lvl/.sbt/boot/scala-2.10.4/org.scala-sbt/sbt/0.13.8/completion-0.13.8.jar
7f224cab3000-7f224cab5000 r--s 00007000 08:06 1056076                    /home/lvl/.sbt/boot/scala-2.10.4/org.scala-sbt/sbt/0.13.8/paranamer-2.6.jar
7f224cab5000-7f224cab8000 r--s 0001d000 08:06 1056073                    /home/lvl/.sbt/boot/scala-2.10.4/org.scala-sbt/sbt/0.13.8/tasks-0.13.8.jar
7f224cab8000-7f224cabb000 r--s 00030000 08:06 1056060                    /home/lvl/.sbt/boot/scala-2.10.4/org.scala-sbt/sbt/0.13.8/jline-2.11.jar
7f224cabb000-7f224cb63000 rw-p 00000000 00:00 0 
7f224cb63000-7f224cb66000 ---p 00000000 00:00 0 
7f224cb66000-7f224cc68000 rw-p 00000000 00:00 0                          [stack:22402]
7f224cc68000-7f224cc6c000 r--s 00034000 08:06 1056077                    /home/lvl/.sbt/boot/scala-2.10.4/org.scala-sbt/sbt/0.13.8/jsch-0.1.46.jar
7f224cc6c000-7f224cc6e000 r--s 00002000 08:06 1056085                    /home/lvl/.sbt/boot/scala-2.10.4/org.scala-sbt/sbt/0.13.8/control-0.13.8.jar
7f224cc6e000-7f224cc72000 r--s 00025000 08:06 915977                     /home/lvl/.sbt/boot/scala-2.10.4/lib/jline.jar
7f224cc72000-7f224cc75000 r--s 00018000 08:06 915975                     /home/lvl/.sbt/boot/scala-2.10.4/lib/jansi.jar
7f224cc75000-7f224cc9d000 rw-p 00000000 00:00 0 
7f224cc9d000-7f224cca5000 rw-s 00000000 00:20 3487351                    /tmp/hsperfdata_lvl/22401
7f224cca5000-7f224cca6000 rw-p 00000000 00:00 0 
7f224cca6000-7f224cca7000 ---p 00000000 00:00 0 
7f224cca7000-7f224cca8000 rw-p 00000000 00:00 0 
7f224cca8000-7f224cca9000 r--p 00021000 08:02 3278978                    /usr/lib/ld-2.22.so
7f224cca9000-7f224ccaa000 rw-p 00022000 08:02 3278978                    /usr/lib/ld-2.22.so
7f224ccaa000-7f224ccab000 rw-p 00000000 00:00 0 
7fffea2ab000-7fffea2cc000 rw-p 00000000 00:00 0                          [stack]
7fffea37f000-7fffea381000 r--p 00000000 00:00 0                          [vvar]
7fffea381000-7fffea383000 r-xp 00000000 00:00 0                          [vdso]
ffffffffff600000-ffffffffff601000 r-xp 00000000 00:00 0                  [vsyscall]

VM Arguments:
jvm_args: -Djline.terminal=jline.UnsupportedTerminal -Dsbt.log.noformat=true -Dfile.encoding=UTF-8 -Xmx2048M -XX:MetaspaceSize=1024m -XX:MaxMetaspaceSize=2048m 
java_command: /home/lvl/.IntelliJIdea15/config/plugins/Scala/launcher/sbt-launch.jar
java_class_path (initial): /home/lvl/.IntelliJIdea15/config/plugins/Scala/launcher/sbt-launch.jar
Launcher Type: SUN_STANDARD

Environment Variables:
PATH=/usr/local/sbin:/usr/local/bin:/usr/bin:/opt/adobe-air-sdk/bin:/usr/lib/jvm/default/bin:/usr/bin/site_perl:/usr/bin/vendor_perl:/usr/bin/core_perl
LD_LIBRARY_PATH=/opt/intellij-idea-ue-eap/bin:
SHELL=/bin/bash
DISPLAY=:0

Signal Handlers:
SIGSEGV: [libjvm.so+0xa54fa0], sa_mask[0]=11111111011111111101111111111110, sa_flags=SA_RESTART|SA_SIGINFO
SIGBUS: [libjvm.so+0xa54fa0], sa_mask[0]=11111111011111111101111111111110, sa_flags=SA_RESTART|SA_SIGINFO
SIGFPE: [libjvm.so+0x89f1b0], sa_mask[0]=11111111011111111101111111111110, sa_flags=SA_RESTART|SA_SIGINFO
SIGPIPE: [libjvm.so+0x89f1b0], sa_mask[0]=11111111011111111101111111111110, sa_flags=SA_RESTART|SA_SIGINFO
SIGXFSZ: [libjvm.so+0x89f1b0], sa_mask[0]=11111111011111111101111111111110, sa_flags=SA_RESTART|SA_SIGINFO
SIGILL: [libjvm.so+0x89f1b0], sa_mask[0]=11111111011111111101111111111110, sa_flags=SA_RESTART|SA_SIGINFO
SIGUSR1: SIG_DFL, sa_mask[0]=00000000000000000000000000000000, sa_flags=none
SIGUSR2: [libjvm.so+0x89f060], sa_mask[0]=00100000000000000000000000000000, sa_flags=SA_RESTART|SA_SIGINFO
SIGHUP: [libjvm.so+0x89f530], sa_mask[0]=11111111011111111101111111111110, sa_flags=SA_RESTART|SA_SIGINFO
SIGINT: [libjvm.so+0x89f530], sa_mask[0]=11111111011111111101111111111110, sa_flags=SA_RESTART|SA_SIGINFO
SIGTERM: [libjvm.so+0x89f530], sa_mask[0]=11111111011111111101111111111110, sa_flags=SA_RESTART|SA_SIGINFO
SIGQUIT: [libjvm.so+0x89f530], sa_mask[0]=11111111011111111101111111111110, sa_flags=SA_RESTART|SA_SIGINFO


---------------  S Y S T E M  ---------------

OS:LSB_VERSION=1.4
DISTRIB_ID=Arch
DISTRIB_RELEASE=rolling
DISTRIB_DESCRIPTION="Arch Linux"

uname:Linux 4.1.5-1-ARCH #1 SMP PREEMPT Tue Aug 11 15:41:14 CEST 2015 x86_64
libc:glibc 2.22 NPTL 2.22 
rlimit: STACK 8192k, CORE 0k, NPROC 31668, NOFILE 4096, AS infinity
load average:7.64 5.81 4.77

/proc/meminfo:
MemTotal:        8112740 kB
MemFree:           60232 kB
MemAvailable:      99176 kB
Buffers:            1208 kB
Cached:           311376 kB
SwapCached:            0 kB
Active:          7559576 kB
Inactive:         254088 kB
Active(anon):    7542212 kB
Inactive(anon):   236884 kB
Active(file):      17364 kB
Inactive(file):    17204 kB
Unevictable:       15160 kB
Mlocked:           15160 kB
SwapTotal:             0 kB
SwapFree:              0 kB
Dirty:               352 kB
Writeback:            88 kB
AnonPages:       7516064 kB
Mapped:           233952 kB
Shmem:            271848 kB
Slab:              83996 kB
SReclaimable:      46796 kB
SUnreclaim:        37200 kB
KernelStack:       22432 kB
PageTables:        56780 kB
NFS_Unstable:          0 kB
Bounce:                0 kB
WritebackTmp:          0 kB
CommitLimit:     4056368 kB
Committed_AS:   15472500 kB
VmallocTotal:   34359738367 kB
VmallocUsed:      562988 kB
VmallocChunk:   34358423548 kB
HardwareCorrupted:     0 kB
AnonHugePages:   3969024 kB
HugePages_Total:       0
HugePages_Free:        0
HugePages_Rsvd:        0
HugePages_Surp:        0
Hugepagesize:       2048 kB
DirectMap4k:      269052 kB
DirectMap2M:     8052736 kB


CPU:total 4 (2 cores per cpu, 2 threads per core) family 6 model 42 stepping 7, cmov, cx8, fxsr, mmx, sse, sse2, sse3, ssse3, sse4.1, sse4.2, popcnt, avx, aes, clmul, ht, tsc, tscinvbit

/proc/cpuinfo:
processor	: 0
vendor_id	: GenuineIntel
cpu family	: 6
model		: 42
model name	: Intel(R) Core(TM) i5-2450M CPU @ 2.50GHz
stepping	: 7
microcode	: 0x1a
cpu MHz		: 2900.000
cache size	: 3072 KB
physical id	: 0
siblings	: 4
core id		: 0
cpu cores	: 2
apicid		: 0
initial apicid	: 0
fpu		: yes
fpu_exception	: yes
cpuid level	: 13
wp		: yes
flags		: fpu vme de pse tsc msr pae mce cx8 apic sep mtrr pge mca cmov pat pse36 clflush dts acpi mmx fxsr sse sse2 ss ht tm pbe syscall nx rdtscp lm constant_tsc arch_perfmon pebs bts rep_good nopl xtopology nonstop_tsc aperfmperf eagerfpu pni pclmulqdq dtes64 monitor ds_cpl vmx est tm2 ssse3 cx16 xtpr pdcm pcid sse4_1 sse4_2 x2apic popcnt tsc_deadline_timer aes xsave avx lahf_lm ida arat epb pln pts dtherm tpr_shadow vnmi flexpriority ept vpid xsaveopt
bugs		:
bogomips	: 4990.56
clflush size	: 64
cache_alignment	: 64
address sizes	: 36 bits physical, 48 bits virtual
power management:

processor	: 1
vendor_id	: GenuineIntel
cpu family	: 6
model		: 42
model name	: Intel(R) Core(TM) i5-2450M CPU @ 2.50GHz
stepping	: 7
microcode	: 0x1a
cpu MHz		: 2900.000
cache size	: 3072 KB
physical id	: 0
siblings	: 4
core id		: 0
cpu cores	: 2
apicid		: 1
initial apicid	: 1
fpu		: yes
fpu_exception	: yes
cpuid level	: 13
wp		: yes
flags		: fpu vme de pse tsc msr pae mce cx8 apic sep mtrr pge mca cmov pat pse36 clflush dts acpi mmx fxsr sse sse2 ss ht tm pbe syscall nx rdtscp lm constant_tsc arch_perfmon pebs bts rep_good nopl xtopology nonstop_tsc aperfmperf eagerfpu pni pclmulqdq dtes64 monitor ds_cpl vmx est tm2 ssse3 cx16 xtpr pdcm pcid sse4_1 sse4_2 x2apic popcnt tsc_deadline_timer aes xsave avx lahf_lm ida arat epb pln pts dtherm tpr_shadow vnmi flexpriority ept vpid xsaveopt
bugs		:
bogomips	: 4990.56
clflush size	: 64
cache_alignment	: 64
address sizes	: 36 bits physical, 48 bits virtual
power management:

processor	: 2
vendor_id	: GenuineIntel
cpu family	: 6
model		: 42
model name	: Intel(R) Core(TM) i5-2450M CPU @ 2.50GHz
stepping	: 7
microcode	: 0x1a
cpu MHz		: 2900.000
cache size	: 3072 KB
physical id	: 0
siblings	: 4
core id		: 1
cpu cores	: 2
apicid		: 2
initial apicid	: 2
fpu		: yes
fpu_exception	: yes
cpuid level	: 13
wp		: yes
flags		: fpu vme de pse tsc msr pae mce cx8 apic sep mtrr pge mca cmov pat pse36 clflush dts acpi mmx fxsr sse sse2 ss ht tm pbe syscall nx rdtscp lm constant_tsc arch_perfmon pebs bts rep_good nopl xtopology nonstop_tsc aperfmperf eagerfpu pni pclmulqdq dtes64 monitor ds_cpl vmx est tm2 ssse3 cx16 xtpr pdcm pcid sse4_1 sse4_2 x2apic popcnt tsc_deadline_timer aes xsave avx lahf_lm ida arat epb pln pts dtherm tpr_shadow vnmi flexpriority ept vpid xsaveopt
bugs		:
bogomips	: 4990.56
clflush size	: 64
cache_alignment	: 64
address sizes	: 36 bits physical, 48 bits virtual
power management:

processor	: 3
vendor_id	: GenuineIntel
cpu family	: 6
model		: 42
model name	: Intel(R) Core(TM) i5-2450M CPU @ 2.50GHz
stepping	: 7
microcode	: 0x1a
cpu MHz		: 2899.902
cache size	: 3072 KB
physical id	: 0
siblings	: 4
core id		: 1
cpu cores	: 2
apicid		: 3
initial apicid	: 3
fpu		: yes
fpu_exception	: yes
cpuid level	: 13
wp		: yes
flags		: fpu vme de pse tsc msr pae mce cx8 apic sep mtrr pge mca cmov pat pse36 clflush dts acpi mmx fxsr sse sse2 ss ht tm pbe syscall nx rdtscp lm constant_tsc arch_perfmon pebs bts rep_good nopl xtopology nonstop_tsc aperfmperf eagerfpu pni pclmulqdq dtes64 monitor ds_cpl vmx est tm2 ssse3 cx16 xtpr pdcm pcid sse4_1 sse4_2 x2apic popcnt tsc_deadline_timer aes xsave avx lahf_lm ida arat epb pln pts dtherm tpr_shadow vnmi flexpriority ept vpid xsaveopt
bugs		:
bogomips	: 4990.56
clflush size	: 64
cache_alignment	: 64
address sizes	: 36 bits physical, 48 bits virtual
power management:



Memory: 4k page, physical 8112740k(60232k free), swap 0k(0k free)

vm_info: OpenJDK 64-Bit Server VM (25.51-b03) for linux-amd64 JRE (1.8.0_51-b16), built on Jul 19 2015 18:29:37 by "builduser" with gcc 5.1.0

time: Fri Aug 21 11:05:17 2015
elapsed time: 11 seconds (0d 0h 0m 11s)

